<?xml version="1.0" encoding="UTF-8"?>
<!-- Generated by org.testng.reporters.JUnitReportReporter -->
<testsuite hostname="paky-HP" name="com.phptravels.RegistrationPageTest" tests="6" failures="0" timestamp="7 Mar 2019 21:03:35 GMT" time="140.134" errors="0">
  <testcase name="negativeRegistrationTest" time="24.101" classname="com.phptravels.RegistrationPageTest"/>
  <testcase name="negativeRegistrationTest" time="22.339" classname="com.phptravels.RegistrationPageTest"/>
  <testcase name="possitiveRegistrationTest" time="23.492" classname="com.phptravels.RegistrationPageTest"/>
  <testcase name="possitiveRegistrationTest" time="35.256" classname="com.phptravels.RegistrationPageTest"/>
  <testcase name="negativeRegistrationTest" time="15.810" classname="com.phptravels.RegistrationPageTest"/>
  <testcase name="negativeRegistrationTest" time="19.136" classname="com.phptravels.RegistrationPageTest"/>
</testsuite> <!-- com.phptravels.RegistrationPageTest -->
